[2017-01-24 05:49:05] report.CRITICAL: Magento\Framework\Exception\LocalizedException: Something went wrong while saving the file(s). in E:\xampp\htdocs\MCJWedition1\vendor\magento\module-catalog\Model\ImageUploader.php:205
Stack trace:
#0 E:\xampp\htdocs\MCJWedition1\vendor\magento\module-catalog\Model\Category\Attribute\Backend\Image.php(101): Magento\Catalog\Model\ImageUploader->moveFileFromTmp('product2.PNG')
#1 E:\xampp\htdocs\MCJWedition1\var\generation\Magento\Catalog\Model\Category\Attribute\Backend\Image\Interceptor.php(24): Magento\Catalog\Model\Category\Attribute\Backend\Image->afterSave(Object(Magento\Catalog\Model\Category\Interceptor))
#2 [internal function]: Magento\Catalog\Model\Category\Attribute\Backend\Image\Interceptor->afterSave(Object(Magento\Catalog\Model\Category\Interceptor))
#3 E:\xampp\htdocs\MCJWedition1\vendor\magento\module-eav\Model\Entity\AbstractEntity.php(641): call_user_func_array(Array, Array)
#4 E:\xampp\htdocs\MCJWedition1\var\generation\Magento\Catalog\Model\ResourceModel\Category\Interceptor.php(596): Magento\Eav\Model\Entity\AbstractEntity->walkAttributes('backend/afterSa...', Array, NULL)
#5 E:\xampp\htdocs\MCJWedition1\vendor\magento\module-eav\Model\Entity\AbstractEntity.php(1782): Magento\Catalog\Model\ResourceModel\Category\Interceptor->walkAttributes('backend/afterSa...', Array)
#6 E:\xampp\htdocs\MCJWedition1\vendor\magento\module-catalog\Model\ResourceModel\Category.php(285): Magento\Eav\Model\Entity\AbstractEntity->_afterSave(Object(Magento\Catalog\Model\Category\Interceptor))
#7 E:\xampp\htdocs\MCJWedition1\vendor\magento\module-eav\Model\Entity\AbstractEntity.php(1897): Magento\Catalog\Model\ResourceModel\Category->_afterSave(Object(Magento\Catalog\Model\Category\Interceptor))
#8 E:\xampp\htdocs\MCJWedition1\var\generation\Magento\Catalog\Model\ResourceModel\Category\Interceptor.php(830): Magento\Eav\Model\Entity\AbstractEntity->afterSave(Object(Magento\Catalog\Model\Category\Interceptor))
#9 E:\xampp\htdocs\MCJWedition1\vendor\magento\framework\EntityManager\Observer\AfterEntitySave.php(33): Magento\Catalog\Model\ResourceModel\Category\Interceptor->afterSave(Object(Magento\Catalog\Model\Category\Interceptor))
#10 E:\xampp\htdocs\MCJWedition1\vendor\magento\framework\Event\Invoker\InvokerDefault.php(73): Magento\Framework\EntityManager\Observer\AfterEntitySave->execute(Object(Magento\Framework\Event\Observer))
#11 E:\xampp\htdocs\MCJWedition1\vendor\magento\framework\Event\Invoker\InvokerDefault.php(61): Magento\Framework\Event\Invoker\InvokerDefault->_callObserverMethod(Object(Magento\Framework\EntityManager\Observer\AfterEntitySave), Object(Magento\Framework\Event\Observer))
#12 E:\xampp\htdocs\MCJWedition1\vendor\magento\module-staging\Model\Event\Manager.php(97): Magento\Framework\Event\Invoker\InvokerDefault->dispatch(Array, Object(Magento\Framework\Event\Observer))
#13 E:\xampp\htdocs\MCJWedition1\var\generation\Magento\Staging\Model\Event\Manager\Proxy.php(95): Magento\Staging\Model\Event\Manager->dispatch('magento_catalog...', Array)
#14 E:\xampp\htdocs\MCJWedition1\vendor\magento\framework\EntityManager\EventManager.php(51): Magento\Staging\Model\Event\Manager\Proxy->dispatch('magento_catalog...', Array)
#15 E:\xampp\htdocs\MCJWedition1\vendor\magento\module-staging\Model\Operation\Update.php(208): Magento\Framework\EntityManager\EventManager->dispatchEntityEvent('Magento\\Catalog...', 'save_after', Array)
#16 E:\xampp\htdocs\MCJWedition1\vendor\magento\framework\EntityManager\EntityManager.php(87): Magento\Staging\Model\Operation\Update->execute(Object(Magento\Catalog\Model\Category\Interceptor), Array)
#17 E:\xampp\htdocs\MCJWedition1\vendor\magento\module-catalog\Model\ResourceModel\Category.php(1025): Magento\Framework\EntityManager\EntityManager->save(Object(Magento\Catalog\Model\Category\Interceptor))
#18 E:\xampp\htdocs\MCJWedition1\vendor\magento\framework\Interception\Interceptor.php(74): Magento\Catalog\Model\ResourceModel\Category->save(Object(Magento\Catalog\Model\Category\Interceptor))
#19 E:\xampp\htdocs\MCJWedition1\vendor\magento\framework\Interception\Chain\Chain.php(70): Magento\Catalog\Model\ResourceModel\Category\Interceptor->___callParent('save', Array)
#20 E:\xampp\htdocs\MCJWedition1\vendor\magento\framework\Interception\Chain\Chain.php(63): Magento\Framework\Interception\Chain\Chain->invokeNext('Magento\\Catalog...', 'save', Object(Magento\Catalog\Model\ResourceModel\Category\Interceptor), Array, 'catalogsearchFu...')
#21 E:\xampp\htdocs\MCJWedition1\vendor\magento\module-catalog-search\Model\Indexer\Fulltext\Plugin\Category.php(43): Magento\Framework\Interception\Chain\Chain->Magento\Framework\Interception\Chain\{closure}(Object(Magento\Catalog\Model\Category\Interceptor))
#22 E:\xampp\htdocs\MCJWedition1\vendor\magento\module-catalog-search\Model\Indexer\Fulltext\Plugin\Category.php(29): Magento\CatalogSearch\Model\Indexer\Fulltext\Plugin\Category->addCommitCallback(Object(Magento\Catalog\Model\ResourceModel\Category\Interceptor), Object(Closure), Object(Magento\Catalog\Model\Category\Interceptor))
#23 E:\xampp\htdocs\MCJWedition1\vendor\magento\framework\Interception\Chain\Chain.php(67): Magento\CatalogSearch\Model\Indexer\Fulltext\Plugin\Category->aroundSave(Object(Magento\Catalog\Model\ResourceModel\Category\Interceptor), Object(Closure), Object(Magento\Catalog\Model\Category\Interceptor))
#24 E:\xampp\htdocs\MCJWedition1\vendor\magento\framework\Interception\Interceptor.php(138): Magento\Framework\Interception\Chain\Chain->invokeNext('Magento\\Catalog...', 'save', Object(Magento\Catalog\Model\ResourceModel\Category\Interceptor), Array, 'clean_cache')
#25 E:\xampp\htdocs\MCJWedition1\vendor\magento\framework\App\Cache\FlushCacheByTags.php(60): Magento\Catalog\Model\ResourceModel\Category\Interceptor->Magento\Framework\Interception\{closure}(Object(Magento\Catalog\Model\Category\Interceptor))
#26 E:\xampp\htdocs\MCJWedition1\vendor\magento\framework\Interception\Interceptor.php(142): Magento\Framework\App\Cache\FlushCacheByTags->aroundSave(Object(Magento\Catalog\Model\ResourceModel\Category\Interceptor), Object(Closure), Object(Magento\Catalog\Model\Category\Interceptor))
#27 E:\xampp\htdocs\MCJWedition1\var\generation\Magento\Catalog\Model\ResourceModel\Category\Interceptor.php(364): Magento\Catalog\Model\ResourceModel\Category\Interceptor->___callPlugins('save', Array, Array)
#28 E:\xampp\htdocs\MCJWedition1\vendor\magento\framework\Model\AbstractModel.php(631): Magento\Catalog\Model\ResourceModel\Category\Interceptor->save(Object(Magento\Catalog\Model\Category\Interceptor))
#29 E:\xampp\htdocs\MCJWedition1\vendor\magento\framework\Interception\Interceptor.php(146): Magento\Framework\Model\AbstractModel->save()
#30 E:\xampp\htdocs\MCJWedition1\var\generation\Magento\Catalog\Model\Category\Interceptor.php(1534): Magento\Catalog\Model\Category\Interceptor->___callPlugins('save', Array, Array)
#31 E:\xampp\htdocs\MCJWedition1\vendor\magento\module-catalog\Controller\Adminhtml\Category\Save.php(203): Magento\Catalog\Model\Category\Interceptor->save()
#32 E:\xampp\htdocs\MCJWedition1\var\generation\Magento\Catalog\Controller\Adminhtml\Category\Save\Interceptor.php(24): Magento\Catalog\Controller\Adminhtml\Category\Save->execute()
#33 E:\xampp\htdocs\MCJWedition1\vendor\magento\framework\App\Action\Action.php(102): Magento\Catalog\Controller\Adminhtml\Category\Save\Interceptor->execute()
#34 E:\xampp\htdocs\MCJWedition1\vendor\magento\module-backend\App\AbstractAction.php(226): Magento\Framework\App\Action\Action->dispatch(Object(Magento\Framework\App\Request\Http))
#35 E:\xampp\htdocs\MCJWedition1\vendor\magento\framework\Interception\Interceptor.php(74): Magento\Backend\App\AbstractAction->dispatch(Object(Magento\Framework\App\Request\Http))
#36 E:\xampp\htdocs\MCJWedition1\vendor\magento\framework\Interception\Chain\Chain.php(70): Magento\Catalog\Controller\Adminhtml\Category\Save\Interceptor->___callParent('dispatch', Array)
#37 E:\xampp\htdocs\MCJWedition1\vendor\magento\framework\Interception\Chain\Chain.php(63): Magento\Framework\Interception\Chain\Chain->invokeNext('Magento\\Catalog...', 'dispatch', Object(Magento\Catalog\Controller\Adminhtml\Category\Save\Interceptor), Array, 'adminAuthentica...')
#38 E:\xampp\htdocs\MCJWedition1\vendor\magento\module-backend\App\Action\Plugin\Authentication.php(143): Magento\Framework\Interception\Chain\Chain->Magento\Framework\Interception\Chain\{closure}(Object(Magento\Framework\App\Request\Http))
#39 E:\xampp\htdocs\MCJWedition1\vendor\magento\framework\Interception\Chain\Chain.php(67): Magento\Backend\App\Action\Plugin\Authentication->aroundDispatch(Object(Magento\Catalog\Controller\Adminhtml\Category\Save\Interceptor), Object(Closure), Object(Magento\Framework\App\Request\Http))
#40 E:\xampp\htdocs\MCJWedition1\vendor\magento\framework\Interception\Chain\Chain.php(63): Magento\Framework\Interception\Chain\Chain->invokeNext('Magento\\Catalog...', 'dispatch', Object(Magento\Catalog\Controller\Adminhtml\Category\Save\Interceptor), Array, 'log')
#41 E:\xampp\htdocs\MCJWedition1\vendor\magento\module-logging\App\Action\Plugin\Log.php(69): Magento\Framework\Interception\Chain\Chain->Magento\Framework\Interception\Chain\{closure}(Object(Magento\Framework\App\Request\Http))
#42 E:\xampp\htdocs\MCJWedition1\vendor\magento\framework\Interception\Chain\Chain.php(67): Magento\Logging\App\Action\Plugin\Log->aroundDispatch(Object(Magento\Catalog\Controller\Adminhtml\Category\Save\Interceptor), Object(Closure), Object(Magento\Framework\App\Request\Http))
#43 E:\xampp\htdocs\MCJWedition1\vendor\magento\framework\Interception\Interceptor.php(138): Magento\Framework\Interception\Chain\Chain->invokeNext('Magento\\Catalog...', 'dispatch', Object(Magento\Catalog\Controller\Adminhtml\Category\Save\Interceptor), Array, 'adminMassaction...')
#44 E:\xampp\htdocs\MCJWedition1\vendor\magento\module-backend\App\Action\Plugin\MassactionKey.php(33): Magento\Catalog\Controller\Adminhtml\Category\Save\Interceptor->Magento\Framework\Interception\{closure}(Object(Magento\Framework\App\Request\Http))
#45 E:\xampp\htdocs\MCJWedition1\vendor\magento\framework\Interception\Interceptor.php(142): Magento\Backend\App\Action\Plugin\MassactionKey->aroundDispatch(Object(Magento\Catalog\Controller\Adminhtml\Category\Save\Interceptor), Object(Closure), Object(Magento\Framework\App\Request\Http))
#46 E:\xampp\htdocs\MCJWedition1\var\generation\Magento\Catalog\Controller\Adminhtml\Category\Save\Interceptor.php(65): Magento\Catalog\Controller\Adminhtml\Category\Save\Interceptor->___callPlugins('dispatch', Array, Array)
#47 E:\xampp\htdocs\MCJWedition1\vendor\magento\framework\App\FrontController.php(55): Magento\Catalog\Controller\Adminhtml\Category\Save\Interceptor->dispatch(Object(Magento\Framework\App\Request\Http))
#48 E:\xampp\htdocs\MCJWedition1\vendor\magento\framework\Interception\Interceptor.php(74): Magento\Framework\App\FrontController->dispatch(Object(Magento\Framework\App\Request\Http))
#49 E:\xampp\htdocs\MCJWedition1\vendor\magento\framework\Interception\Chain\Chain.php(70): Magento\Framework\App\FrontController\Interceptor->___callParent('dispatch', Array)
#50 E:\xampp\htdocs\MCJWedition1\vendor\magento\framework\Interception\Interceptor.php(138): Magento\Framework\Interception\Chain\Chain->invokeNext('Magento\\Framewo...', 'dispatch', Object(Magento\Framework\App\FrontController\Interceptor), Array, 'install')
#51 E:\xampp\htdocs\MCJWedition1\vendor\magento\framework\Module\Plugin\DbStatusValidator.php(69): Magento\Framework\App\FrontController\Interceptor->Magento\Framework\Interception\{closure}(Object(Magento\Framework\App\Request\Http))
#52 E:\xampp\htdocs\MCJWedition1\vendor\magento\framework\Interception\Interceptor.php(142): Magento\Framework\Module\Plugin\DbStatusValidator->aroundDispatch(Object(Magento\Framework\App\FrontController\Interceptor), Object(Closure), Object(Magento\Framework\App\Request\Http))
#53 E:\xampp\htdocs\MCJWedition1\var\generation\Magento\Framework\App\FrontController\Interceptor.php(26): Magento\Framework\App\FrontController\Interceptor->___callPlugins('dispatch', Array, Array)
#54 E:\xampp\htdocs\MCJWedition1\vendor\magento\framework\App\Http.php(135): Magento\Framework\App\FrontController\Interceptor->dispatch(Object(Magento\Framework\App\Request\Http))
#55 E:\xampp\htdocs\MCJWedition1\vendor\magento\framework\App\Bootstrap.php(258): Magento\Framework\App\Http->launch()
#56 E:\xampp\htdocs\MCJWedition1\index.php(39): Magento\Framework\App\Bootstrap->run(Object(Magento\Framework\App\Http))
#57 {main} [] []
